CRITICAL - 2023-03-19 23:24:09 --> Call to undefined method App\Models\EmpleadosModel::traer_Empleados
in SYSTEMPATH\Model.php on line 842.
 1 APPPATH\Controllers\Empleados.php(26): CodeIgniter\Model->__call('traer_Empleados', [...])
 2 SYSTEMPATH\CodeIgniter.php(934): App\Controllers\Empleados->buscar_Empleados('1')
 3 SYSTEMPATH\CodeIgniter.php(499): CodeIgniter\CodeIgniter->runController(Object(App\Controllers\Empleados))
 4 SYSTEMPATH\CodeIgniter.php(368): CodeIgniter\CodeIgniter->handleRequest(null, Object(Config\Cache), false)
 5 FCPATH\index.php(67): CodeIgniter\CodeIgniter->run()
CRITICAL - 2023-03-19 23:25:22 --> Call to undefined method App\Models\EmpleadosModel::traer_Empleados
in SYSTEMPATH\Model.php on line 842.
 1 APPPATH\Controllers\Empleados.php(26): CodeIgniter\Model->__call('traer_Empleados', [...])
 2 SYSTEMPATH\CodeIgniter.php(934): App\Controllers\Empleados->buscar_Empleados('1')
 3 SYSTEMPATH\CodeIgniter.php(499): CodeIgniter\CodeIgniter->runController(Object(App\Controllers\Empleados))
 4 SYSTEMPATH\CodeIgniter.php(368): CodeIgniter\CodeIgniter->handleRequest(null, Object(Config\Cache), false)
 5 FCPATH\index.php(67): CodeIgniter\CodeIgniter->run()
CRITICAL - 2023-03-19 23:25:31 --> Call to undefined method App\Models\EmpleadosModel::traer_Empleados
in SYSTEMPATH\Model.php on line 842.
 1 APPPATH\Controllers\Empleados.php(26): CodeIgniter\Model->__call('traer_Empleados', [...])
 2 SYSTEMPATH\CodeIgniter.php(934): App\Controllers\Empleados->buscar_Empleados('1')
 3 SYSTEMPATH\CodeIgniter.php(499): CodeIgniter\CodeIgniter->runController(Object(App\Controllers\Empleados))
 4 SYSTEMPATH\CodeIgniter.php(368): CodeIgniter\CodeIgniter->handleRequest(null, Object(Config\Cache), false)
 5 FCPATH\index.php(67): CodeIgniter\CodeIgniter->run()
CRITICAL - 2023-03-19 23:25:43 --> Call to undefined method App\Models\EmpleadosModel::traer_Empleados
in SYSTEMPATH\Model.php on line 842.
 1 APPPATH\Controllers\Empleados.php(26): CodeIgniter\Model->__call('traer_Empleados', [...])
 2 SYSTEMPATH\CodeIgniter.php(934): App\Controllers\Empleados->buscar_Empleados('1')
 3 SYSTEMPATH\CodeIgniter.php(499): CodeIgniter\CodeIgniter->runController(Object(App\Controllers\Empleados))
 4 SYSTEMPATH\CodeIgniter.php(368): CodeIgniter\CodeIgniter->handleRequest(null, Object(Config\Cache), false)
 5 FCPATH\index.php(67): CodeIgniter\CodeIgniter->run()
CRITICAL - 2023-03-19 23:25:45 --> Call to undefined method App\Models\EmpleadosModel::traer_Empleados
in SYSTEMPATH\Model.php on line 842.
 1 APPPATH\Controllers\Empleados.php(26): CodeIgniter\Model->__call('traer_Empleados', [...])
 2 SYSTEMPATH\CodeIgniter.php(934): App\Controllers\Empleados->buscar_Empleados('1')
 3 SYSTEMPATH\CodeIgniter.php(499): CodeIgniter\CodeIgniter->runController(Object(App\Controllers\Empleados))
 4 SYSTEMPATH\CodeIgniter.php(368): CodeIgniter\CodeIgniter->handleRequest(null, Object(Config\Cache), false)
 5 FCPATH\index.php(67): CodeIgniter\CodeIgniter->run()
CRITICAL - 2023-03-19 23:30:31 --> Call to undefined method App\Models\EmpleadosModel::traer_Empleados
in SYSTEMPATH\Model.php on line 842.
 1 APPPATH\Controllers\Empleados.php(26): CodeIgniter\Model->__call('traer_Empleados', [...])
 2 SYSTEMPATH\CodeIgniter.php(934): App\Controllers\Empleados->buscar_Empleados('1')
 3 SYSTEMPATH\CodeIgniter.php(499): CodeIgniter\CodeIgniter->runController(Object(App\Controllers\Empleados))
 4 SYSTEMPATH\CodeIgniter.php(368): CodeIgniter\CodeIgniter->handleRequest(null, Object(Config\Cache), false)
 5 FCPATH\index.php(67): CodeIgniter\CodeIgniter->run()
