CRITICAL - 2023-03-24 18:27:20 --> Call to undefined method App\Models\PaisesModel::obtenerPaises
in SYSTEMPATH\Model.php on line 842.
 1 APPPATH\Controllers\Municipios.php(22): CodeIgniter\Model->__call('obtenerPaises', [...])
 2 SYSTEMPATH\CodeIgniter.php(934): App\Controllers\Municipios->index()
 3 SYSTEMPATH\CodeIgniter.php(499): CodeIgniter\CodeIgniter->runController(Object(App\Controllers\Municipios))
 4 SYSTEMPATH\CodeIgniter.php(368): CodeIgniter\CodeIgniter->handleRequest(null, Object(Config\Cache), false)
 5 FCPATH\index.php(67): CodeIgniter\CodeIgniter->run()
ERROR - 2023-03-24 19:25:57 --> mysqli_sql_exception: Cannot add or update a child row: a foreign key constraint fails (`db_taller`.`municipios`, CONSTRAINT `municipios_ibfk_1` FOREIGN KEY (`id_dpto`) REFERENCES `departamentos` (`id`)) in C:\xampp\htdocs\proyecto\system\Database\MySQLi\Connection.php:295
Stack trace:
#0 C:\xampp\htdocs\proyecto\system\Database\MySQLi\Connection.php(295): mysqli->query('INSERT INTO `mu...', 0)
#1 C:\xampp\htdocs\proyecto\system\Database\BaseConnection.php(691): CodeIgniter\Database\MySQLi\Connection->execute('INSERT INTO `mu...')
#2 C:\xampp\htdocs\proyecto\system\Database\BaseConnection.php(605): CodeIgniter\Database\BaseConnection->simpleQuery('INSERT INTO `mu...')
#3 C:\xampp\htdocs\proyecto\system\Database\BaseBuilder.php(2309): CodeIgniter\Database\BaseConnection->query('INSERT INTO `mu...', Array, false)
#4 C:\xampp\htdocs\proyecto\system\Model.php(330): CodeIgniter\Database\BaseBuilder->insert()
#5 C:\xampp\htdocs\proyecto\system\BaseModel.php(782): CodeIgniter\Model->doInsert(Array)
#6 C:\xampp\htdocs\proyecto\system\Model.php(730): CodeIgniter\BaseModel->insert(Array, false)
#7 C:\xampp\htdocs\proyecto\system\BaseModel.php(692): CodeIgniter\Model->insert(Array, false)
#8 C:\xampp\htdocs\proyecto\app\Controllers\Municipios.php(59): CodeIgniter\BaseModel->save(Array)
#9 C:\xampp\htdocs\proyecto\system\CodeIgniter.php(934): App\Controllers\Municipios->insertar()
#10 C:\xampp\htdocs\proyecto\system\CodeIgniter.php(499): CodeIgniter\CodeIgniter->runController(Object(App\Controllers\Municipios))
#11 C:\xampp\htdocs\proyecto\system\CodeIgniter.php(368): CodeIgniter\CodeIgniter->handleRequest(NULL, Object(Config\Cache), false)
#12 C:\xampp\htdocs\proyecto\public\index.php(67): CodeIgniter\CodeIgniter->run()
#13 {main}
CRITICAL - 2023-03-24 19:25:57 --> Cannot add or update a child row: a foreign key constraint fails (`db_taller`.`municipios`, CONSTRAINT `municipios_ibfk_1` FOREIGN KEY (`id_dpto`) REFERENCES `departamentos` (`id`))
in SYSTEMPATH\Database\BaseConnection.php on line 645.
 1 SYSTEMPATH\Database\BaseBuilder.php(2309): CodeIgniter\Database\BaseConnection->query('INSERT INTO `municipios` (`id_dpto`, `nombre`) VALUES (:id_dpto:, :nombre:)', [...], false)
 2 SYSTEMPATH\Model.php(330): CodeIgniter\Database\BaseBuilder->insert()
 3 SYSTEMPATH\BaseModel.php(782): CodeIgniter\Model->doInsert([...])
 4 SYSTEMPATH\Model.php(730): CodeIgniter\BaseModel->insert([...], false)
 5 SYSTEMPATH\BaseModel.php(692): CodeIgniter\Model->insert([...], false)
 6 APPPATH\Controllers\Municipios.php(59): CodeIgniter\BaseModel->save([...])
 7 SYSTEMPATH\CodeIgniter.php(934): App\Controllers\Municipios->insertar()
 8 SYSTEMPATH\CodeIgniter.php(499): CodeIgniter\CodeIgniter->runController(Object(App\Controllers\Municipios))
 9 SYSTEMPATH\CodeIgniter.php(368): CodeIgniter\CodeIgniter->handleRequest(null, Object(Config\Cache), false)
10 FCPATH\index.php(67): CodeIgniter\CodeIgniter->run()
