CRITICAL - 2023-03-16 14:37:40 --> Undefined variable $titulo
in APPPATH\Views\principal\header.php on line 17.
 1 APPPATH\Views\principal\header.php(17): CodeIgniter\Debug\Exceptions->errorHandler(2, 'Undefined variable $titulo', 'APPPATH\\Views\\principal\\header.php', 17)
 2 SYSTEMPATH\View\View.php(213): include('APPPATH\\Views\\principal\\header.php')
 3 SYSTEMPATH\View\View.php(216): CodeIgniter\View\View->CodeIgniter\View\{closure}()
 4 SYSTEMPATH\Common.php(1184): CodeIgniter\View\View->render('/principal/header', [], true)
 5 APPPATH\Controllers\Paises.php(39): view('/principal/header')
 6 SYSTEMPATH\CodeIgniter.php(934): App\Controllers\Paises->eliminados()
 7 SYSTEMPATH\CodeIgniter.php(499): CodeIgniter\CodeIgniter->runController(Object(App\Controllers\Paises))
 8 SYSTEMPATH\CodeIgniter.php(368): CodeIgniter\CodeIgniter->handleRequest(null, Object(Config\Cache), false)
 9 FCPATH\index.php(67): CodeIgniter\CodeIgniter->run()
CRITICAL - 2023-03-16 14:37:41 --> Undefined variable $titulo
in APPPATH\Views\principal\header.php on line 17.
 1 APPPATH\Views\principal\header.php(17): CodeIgniter\Debug\Exceptions->errorHandler(2, 'Undefined variable $titulo', 'APPPATH\\Views\\principal\\header.php', 17)
 2 SYSTEMPATH\View\View.php(213): include('APPPATH\\Views\\principal\\header.php')
 3 SYSTEMPATH\View\View.php(216): CodeIgniter\View\View->CodeIgniter\View\{closure}()
 4 SYSTEMPATH\Common.php(1184): CodeIgniter\View\View->render('/principal/header', [], true)
 5 APPPATH\Controllers\Paises.php(39): view('/principal/header')
 6 SYSTEMPATH\CodeIgniter.php(934): App\Controllers\Paises->eliminados()
 7 SYSTEMPATH\CodeIgniter.php(499): CodeIgniter\CodeIgniter->runController(Object(App\Controllers\Paises))
 8 SYSTEMPATH\CodeIgniter.php(368): CodeIgniter\CodeIgniter->handleRequest(null, Object(Config\Cache), false)
 9 FCPATH\index.php(67): CodeIgniter\CodeIgniter->run()
CRITICAL - 2023-03-16 14:38:11 --> Undefined variable $titulo
in APPPATH\Views\principal\header.php on line 17.
 1 APPPATH\Views\principal\header.php(17): CodeIgniter\Debug\Exceptions->errorHandler(2, 'Undefined variable $titulo', 'APPPATH\\Views\\principal\\header.php', 17)
 2 SYSTEMPATH\View\View.php(213): include('APPPATH\\Views\\principal\\header.php')
 3 SYSTEMPATH\View\View.php(216): CodeIgniter\View\View->CodeIgniter\View\{closure}()
 4 SYSTEMPATH\Common.php(1184): CodeIgniter\View\View->render('/principal/header', [], true)
 5 APPPATH\Controllers\Paises.php(39): view('/principal/header')
 6 SYSTEMPATH\CodeIgniter.php(934): App\Controllers\Paises->eliminados()
 7 SYSTEMPATH\CodeIgniter.php(499): CodeIgniter\CodeIgniter->runController(Object(App\Controllers\Paises))
 8 SYSTEMPATH\CodeIgniter.php(368): CodeIgniter\CodeIgniter->handleRequest(null, Object(Config\Cache), false)
 9 FCPATH\index.php(67): CodeIgniter\CodeIgniter->run()
CRITICAL - 2023-03-16 14:38:11 --> Undefined variable $titulo
in APPPATH\Views\principal\header.php on line 17.
 1 APPPATH\Views\principal\header.php(17): CodeIgniter\Debug\Exceptions->errorHandler(2, 'Undefined variable $titulo', 'APPPATH\\Views\\principal\\header.php', 17)
 2 SYSTEMPATH\View\View.php(213): include('APPPATH\\Views\\principal\\header.php')
 3 SYSTEMPATH\View\View.php(216): CodeIgniter\View\View->CodeIgniter\View\{closure}()
 4 SYSTEMPATH\Common.php(1184): CodeIgniter\View\View->render('/principal/header', [], true)
 5 APPPATH\Controllers\Paises.php(39): view('/principal/header')
 6 SYSTEMPATH\CodeIgniter.php(934): App\Controllers\Paises->eliminados()
 7 SYSTEMPATH\CodeIgniter.php(499): CodeIgniter\CodeIgniter->runController(Object(App\Controllers\Paises))
 8 SYSTEMPATH\CodeIgniter.php(368): CodeIgniter\CodeIgniter->handleRequest(null, Object(Config\Cache), false)
 9 FCPATH\index.php(67): CodeIgniter\CodeIgniter->run()
CRITICAL - 2023-03-16 14:40:35 --> Undefined variable $titulo
in APPPATH\Views\principal\header.php on line 17.
 1 APPPATH\Views\principal\header.php(17): CodeIgniter\Debug\Exceptions->errorHandler(2, 'Undefined variable $titulo', 'APPPATH\\Views\\principal\\header.php', 17)
 2 SYSTEMPATH\View\View.php(213): include('APPPATH\\Views\\principal\\header.php')
 3 SYSTEMPATH\View\View.php(216): CodeIgniter\View\View->CodeIgniter\View\{closure}()
 4 SYSTEMPATH\Common.php(1184): CodeIgniter\View\View->render('/principal/header', [], true)
 5 APPPATH\Controllers\Paises.php(39): view('/principal/header')
 6 SYSTEMPATH\CodeIgniter.php(934): App\Controllers\Paises->eliminados()
 7 SYSTEMPATH\CodeIgniter.php(499): CodeIgniter\CodeIgniter->runController(Object(App\Controllers\Paises))
 8 SYSTEMPATH\CodeIgniter.php(368): CodeIgniter\CodeIgniter->handleRequest(null, Object(Config\Cache), false)
 9 FCPATH\index.php(67): CodeIgniter\CodeIgniter->run()
CRITICAL - 2023-03-16 14:40:35 --> Undefined variable $titulo
in APPPATH\Views\principal\header.php on line 17.
 1 APPPATH\Views\principal\header.php(17): CodeIgniter\Debug\Exceptions->errorHandler(2, 'Undefined variable $titulo', 'APPPATH\\Views\\principal\\header.php', 17)
 2 SYSTEMPATH\View\View.php(213): include('APPPATH\\Views\\principal\\header.php')
 3 SYSTEMPATH\View\View.php(216): CodeIgniter\View\View->CodeIgniter\View\{closure}()
 4 SYSTEMPATH\Common.php(1184): CodeIgniter\View\View->render('/principal/header', [], true)
 5 APPPATH\Controllers\Paises.php(39): view('/principal/header')
 6 SYSTEMPATH\CodeIgniter.php(934): App\Controllers\Paises->eliminados()
 7 SYSTEMPATH\CodeIgniter.php(499): CodeIgniter\CodeIgniter->runController(Object(App\Controllers\Paises))
 8 SYSTEMPATH\CodeIgniter.php(368): CodeIgniter\CodeIgniter->handleRequest(null, Object(Config\Cache), false)
 9 FCPATH\index.php(67): CodeIgniter\CodeIgniter->run()
CRITICAL - 2023-03-16 14:40:42 --> Undefined variable $titulo
in APPPATH\Views\principal\header.php on line 17.
 1 APPPATH\Views\principal\header.php(17): CodeIgniter\Debug\Exceptions->errorHandler(2, 'Undefined variable $titulo', 'APPPATH\\Views\\principal\\header.php', 17)
 2 SYSTEMPATH\View\View.php(213): include('APPPATH\\Views\\principal\\header.php')
 3 SYSTEMPATH\View\View.php(216): CodeIgniter\View\View->CodeIgniter\View\{closure}()
 4 SYSTEMPATH\Common.php(1184): CodeIgniter\View\View->render('/principal/header', [], true)
 5 APPPATH\Controllers\Paises.php(39): view('/principal/header')
 6 SYSTEMPATH\CodeIgniter.php(934): App\Controllers\Paises->eliminados()
 7 SYSTEMPATH\CodeIgniter.php(499): CodeIgniter\CodeIgniter->runController(Object(App\Controllers\Paises))
 8 SYSTEMPATH\CodeIgniter.php(368): CodeIgniter\CodeIgniter->handleRequest(null, Object(Config\Cache), false)
 9 FCPATH\index.php(67): CodeIgniter\CodeIgniter->run()
CRITICAL - 2023-03-16 14:40:42 --> Undefined variable $titulo
in APPPATH\Views\principal\header.php on line 17.
 1 APPPATH\Views\principal\header.php(17): CodeIgniter\Debug\Exceptions->errorHandler(2, 'Undefined variable $titulo', 'APPPATH\\Views\\principal\\header.php', 17)
 2 SYSTEMPATH\View\View.php(213): include('APPPATH\\Views\\principal\\header.php')
 3 SYSTEMPATH\View\View.php(216): CodeIgniter\View\View->CodeIgniter\View\{closure}()
 4 SYSTEMPATH\Common.php(1184): CodeIgniter\View\View->render('/principal/header', [], true)
 5 APPPATH\Controllers\Paises.php(39): view('/principal/header')
 6 SYSTEMPATH\CodeIgniter.php(934): App\Controllers\Paises->eliminados()
 7 SYSTEMPATH\CodeIgniter.php(499): CodeIgniter\CodeIgniter->runController(Object(App\Controllers\Paises))
 8 SYSTEMPATH\CodeIgniter.php(368): CodeIgniter\CodeIgniter->handleRequest(null, Object(Config\Cache), false)
 9 FCPATH\index.php(67): CodeIgniter\CodeIgniter->run()
CRITICAL - 2023-03-16 22:56:08 --> Undefined variable $cargos
in APPPATH\Views\cargos\cargos.php on line 24.
 1 APPPATH\Views\cargos\cargos.php(24): CodeIgniter\Debug\Exceptions->errorHandler(2, 'Undefined variable $cargos', 'APPPATH\\Views\\cargos\\cargos.php', 24)
 2 SYSTEMPATH\View\View.php(213): include('APPPATH\\Views\\cargos\\cargos.php')
 3 SYSTEMPATH\View\View.php(216): CodeIgniter\View\View->CodeIgniter\View\{closure}()
 4 SYSTEMPATH\Common.php(1184): CodeIgniter\View\View->render('/cargos/cargos', [], true)
 5 APPPATH\Controllers\Cargos.php(40): view('/cargos/cargos', [...])
 6 SYSTEMPATH\CodeIgniter.php(934): App\Controllers\Cargos->eliminados()
 7 SYSTEMPATH\CodeIgniter.php(499): CodeIgniter\CodeIgniter->runController(Object(App\Controllers\Cargos))
 8 SYSTEMPATH\CodeIgniter.php(368): CodeIgniter\CodeIgniter->handleRequest(null, Object(Config\Cache), false)
 9 FCPATH\index.php(67): CodeIgniter\CodeIgniter->run()
CRITICAL - 2023-03-16 22:56:17 --> Undefined variable $cargos
in APPPATH\Views\cargos\cargos.php on line 24.
 1 APPPATH\Views\cargos\cargos.php(24): CodeIgniter\Debug\Exceptions->errorHandler(2, 'Undefined variable $cargos', 'APPPATH\\Views\\cargos\\cargos.php', 24)
 2 SYSTEMPATH\View\View.php(213): include('APPPATH\\Views\\cargos\\cargos.php')
 3 SYSTEMPATH\View\View.php(216): CodeIgniter\View\View->CodeIgniter\View\{closure}()
 4 SYSTEMPATH\Common.php(1184): CodeIgniter\View\View->render('/cargos/cargos', [], true)
 5 APPPATH\Controllers\Cargos.php(40): view('/cargos/cargos', [...])
 6 SYSTEMPATH\CodeIgniter.php(934): App\Controllers\Cargos->eliminados()
 7 SYSTEMPATH\CodeIgniter.php(499): CodeIgniter\CodeIgniter->runController(Object(App\Controllers\Cargos))
 8 SYSTEMPATH\CodeIgniter.php(368): CodeIgniter\CodeIgniter->handleRequest(null, Object(Config\Cache), false)
 9 FCPATH\index.php(67): CodeIgniter\CodeIgniter->run()
CRITICAL - 2023-03-16 23:07:33 --> Undefined variable $cargos
in APPPATH\Views\cargos\cargos.php on line 24.
 1 APPPATH\Views\cargos\cargos.php(24): CodeIgniter\Debug\Exceptions->errorHandler(2, 'Undefined variable $cargos', 'APPPATH\\Views\\cargos\\cargos.php', 24)
 2 SYSTEMPATH\View\View.php(213): include('APPPATH\\Views\\cargos\\cargos.php')
 3 SYSTEMPATH\View\View.php(216): CodeIgniter\View\View->CodeIgniter\View\{closure}()
 4 SYSTEMPATH\Common.php(1184): CodeIgniter\View\View->render('/cargos/cargos', [], true)
 5 APPPATH\Controllers\Cargos.php(40): view('/cargos/cargos', [...])
 6 SYSTEMPATH\CodeIgniter.php(934): App\Controllers\Cargos->eliminados()
 7 SYSTEMPATH\CodeIgniter.php(499): CodeIgniter\CodeIgniter->runController(Object(App\Controllers\Cargos))
 8 SYSTEMPATH\CodeIgniter.php(368): CodeIgniter\CodeIgniter->handleRequest(null, Object(Config\Cache), false)
 9 FCPATH\index.php(67): CodeIgniter\CodeIgniter->run()
CRITICAL - 2023-03-16 23:07:38 --> Undefined variable $cargos
in APPPATH\Views\cargos\cargos.php on line 24.
 1 APPPATH\Views\cargos\cargos.php(24): CodeIgniter\Debug\Exceptions->errorHandler(2, 'Undefined variable $cargos', 'APPPATH\\Views\\cargos\\cargos.php', 24)
 2 SYSTEMPATH\View\View.php(213): include('APPPATH\\Views\\cargos\\cargos.php')
 3 SYSTEMPATH\View\View.php(216): CodeIgniter\View\View->CodeIgniter\View\{closure}()
 4 SYSTEMPATH\Common.php(1184): CodeIgniter\View\View->render('/cargos/cargos', [], true)
 5 APPPATH\Controllers\Cargos.php(40): view('/cargos/cargos', [...])
 6 SYSTEMPATH\CodeIgniter.php(934): App\Controllers\Cargos->eliminados()
 7 SYSTEMPATH\CodeIgniter.php(499): CodeIgniter\CodeIgniter->runController(Object(App\Controllers\Cargos))
 8 SYSTEMPATH\CodeIgniter.php(368): CodeIgniter\CodeIgniter->handleRequest(null, Object(Config\Cache), false)
 9 FCPATH\index.php(67): CodeIgniter\CodeIgniter->run()
CRITICAL - 2023-03-16 23:08:08 --> Undefined variable $cargos
in APPPATH\Views\cargos\cargos.php on line 24.
 1 APPPATH\Views\cargos\cargos.php(24): CodeIgniter\Debug\Exceptions->errorHandler(2, 'Undefined variable $cargos', 'APPPATH\\Views\\cargos\\cargos.php', 24)
 2 SYSTEMPATH\View\View.php(213): include('APPPATH\\Views\\cargos\\cargos.php')
 3 SYSTEMPATH\View\View.php(216): CodeIgniter\View\View->CodeIgniter\View\{closure}()
 4 SYSTEMPATH\Common.php(1184): CodeIgniter\View\View->render('/cargos/cargos', [], true)
 5 APPPATH\Controllers\Cargos.php(40): view('/cargos/cargos', [...])
 6 SYSTEMPATH\CodeIgniter.php(934): App\Controllers\Cargos->eliminados()
 7 SYSTEMPATH\CodeIgniter.php(499): CodeIgniter\CodeIgniter->runController(Object(App\Controllers\Cargos))
 8 SYSTEMPATH\CodeIgniter.php(368): CodeIgniter\CodeIgniter->handleRequest(null, Object(Config\Cache), false)
 9 FCPATH\index.php(67): CodeIgniter\CodeIgniter->run()
CRITICAL - 2023-03-16 23:08:09 --> Undefined variable $cargos
in APPPATH\Views\cargos\cargos.php on line 24.
 1 APPPATH\Views\cargos\cargos.php(24): CodeIgniter\Debug\Exceptions->errorHandler(2, 'Undefined variable $cargos', 'APPPATH\\Views\\cargos\\cargos.php', 24)
 2 SYSTEMPATH\View\View.php(213): include('APPPATH\\Views\\cargos\\cargos.php')
 3 SYSTEMPATH\View\View.php(216): CodeIgniter\View\View->CodeIgniter\View\{closure}()
 4 SYSTEMPATH\Common.php(1184): CodeIgniter\View\View->render('/cargos/cargos', [], true)
 5 APPPATH\Controllers\Cargos.php(40): view('/cargos/cargos', [...])
 6 SYSTEMPATH\CodeIgniter.php(934): App\Controllers\Cargos->eliminados()
 7 SYSTEMPATH\CodeIgniter.php(499): CodeIgniter\CodeIgniter->runController(Object(App\Controllers\Cargos))
 8 SYSTEMPATH\CodeIgniter.php(368): CodeIgniter\CodeIgniter->handleRequest(null, Object(Config\Cache), false)
 9 FCPATH\index.php(67): CodeIgniter\CodeIgniter->run()
CRITICAL - 2023-03-16 23:08:09 --> Undefined variable $cargos
in APPPATH\Views\cargos\cargos.php on line 24.
 1 APPPATH\Views\cargos\cargos.php(24): CodeIgniter\Debug\Exceptions->errorHandler(2, 'Undefined variable $cargos', 'APPPATH\\Views\\cargos\\cargos.php', 24)
 2 SYSTEMPATH\View\View.php(213): include('APPPATH\\Views\\cargos\\cargos.php')
 3 SYSTEMPATH\View\View.php(216): CodeIgniter\View\View->CodeIgniter\View\{closure}()
 4 SYSTEMPATH\Common.php(1184): CodeIgniter\View\View->render('/cargos/cargos', [], true)
 5 APPPATH\Controllers\Cargos.php(40): view('/cargos/cargos', [...])
 6 SYSTEMPATH\CodeIgniter.php(934): App\Controllers\Cargos->eliminados()
 7 SYSTEMPATH\CodeIgniter.php(499): CodeIgniter\CodeIgniter->runController(Object(App\Controllers\Cargos))
 8 SYSTEMPATH\CodeIgniter.php(368): CodeIgniter\CodeIgniter->handleRequest(null, Object(Config\Cache), false)
 9 FCPATH\index.php(67): CodeIgniter\CodeIgniter->run()
CRITICAL - 2023-03-16 23:08:09 --> Undefined variable $cargos
in APPPATH\Views\cargos\cargos.php on line 24.
 1 APPPATH\Views\cargos\cargos.php(24): CodeIgniter\Debug\Exceptions->errorHandler(2, 'Undefined variable $cargos', 'APPPATH\\Views\\cargos\\cargos.php', 24)
 2 SYSTEMPATH\View\View.php(213): include('APPPATH\\Views\\cargos\\cargos.php')
 3 SYSTEMPATH\View\View.php(216): CodeIgniter\View\View->CodeIgniter\View\{closure}()
 4 SYSTEMPATH\Common.php(1184): CodeIgniter\View\View->render('/cargos/cargos', [], true)
 5 APPPATH\Controllers\Cargos.php(40): view('/cargos/cargos', [...])
 6 SYSTEMPATH\CodeIgniter.php(934): App\Controllers\Cargos->eliminados()
 7 SYSTEMPATH\CodeIgniter.php(499): CodeIgniter\CodeIgniter->runController(Object(App\Controllers\Cargos))
 8 SYSTEMPATH\CodeIgniter.php(368): CodeIgniter\CodeIgniter->handleRequest(null, Object(Config\Cache), false)
 9 FCPATH\index.php(67): CodeIgniter\CodeIgniter->run()
CRITICAL - 2023-03-16 23:08:10 --> Undefined variable $cargos
in APPPATH\Views\cargos\cargos.php on line 24.
 1 APPPATH\Views\cargos\cargos.php(24): CodeIgniter\Debug\Exceptions->errorHandler(2, 'Undefined variable $cargos', 'APPPATH\\Views\\cargos\\cargos.php', 24)
 2 SYSTEMPATH\View\View.php(213): include('APPPATH\\Views\\cargos\\cargos.php')
 3 SYSTEMPATH\View\View.php(216): CodeIgniter\View\View->CodeIgniter\View\{closure}()
 4 SYSTEMPATH\Common.php(1184): CodeIgniter\View\View->render('/cargos/cargos', [], true)
 5 APPPATH\Controllers\Cargos.php(40): view('/cargos/cargos', [...])
 6 SYSTEMPATH\CodeIgniter.php(934): App\Controllers\Cargos->eliminados()
 7 SYSTEMPATH\CodeIgniter.php(499): CodeIgniter\CodeIgniter->runController(Object(App\Controllers\Cargos))
 8 SYSTEMPATH\CodeIgniter.php(368): CodeIgniter\CodeIgniter->handleRequest(null, Object(Config\Cache), false)
 9 FCPATH\index.php(67): CodeIgniter\CodeIgniter->run()
CRITICAL - 2023-03-16 23:08:10 --> Undefined variable $cargos
in APPPATH\Views\cargos\cargos.php on line 24.
 1 APPPATH\Views\cargos\cargos.php(24): CodeIgniter\Debug\Exceptions->errorHandler(2, 'Undefined variable $cargos', 'APPPATH\\Views\\cargos\\cargos.php', 24)
 2 SYSTEMPATH\View\View.php(213): include('APPPATH\\Views\\cargos\\cargos.php')
 3 SYSTEMPATH\View\View.php(216): CodeIgniter\View\View->CodeIgniter\View\{closure}()
 4 SYSTEMPATH\Common.php(1184): CodeIgniter\View\View->render('/cargos/cargos', [], true)
 5 APPPATH\Controllers\Cargos.php(40): view('/cargos/cargos', [...])
 6 SYSTEMPATH\CodeIgniter.php(934): App\Controllers\Cargos->eliminados()
 7 SYSTEMPATH\CodeIgniter.php(499): CodeIgniter\CodeIgniter->runController(Object(App\Controllers\Cargos))
 8 SYSTEMPATH\CodeIgniter.php(368): CodeIgniter\CodeIgniter->handleRequest(null, Object(Config\Cache), false)
 9 FCPATH\index.php(67): CodeIgniter\CodeIgniter->run()
CRITICAL - 2023-03-16 23:08:12 --> Undefined variable $cargos
in APPPATH\Views\cargos\cargos.php on line 24.
 1 APPPATH\Views\cargos\cargos.php(24): CodeIgniter\Debug\Exceptions->errorHandler(2, 'Undefined variable $cargos', 'APPPATH\\Views\\cargos\\cargos.php', 24)
 2 SYSTEMPATH\View\View.php(213): include('APPPATH\\Views\\cargos\\cargos.php')
 3 SYSTEMPATH\View\View.php(216): CodeIgniter\View\View->CodeIgniter\View\{closure}()
 4 SYSTEMPATH\Common.php(1184): CodeIgniter\View\View->render('/cargos/cargos', [], true)
 5 APPPATH\Controllers\Cargos.php(40): view('/cargos/cargos', [...])
 6 SYSTEMPATH\CodeIgniter.php(934): App\Controllers\Cargos->eliminados()
 7 SYSTEMPATH\CodeIgniter.php(499): CodeIgniter\CodeIgniter->runController(Object(App\Controllers\Cargos))
 8 SYSTEMPATH\CodeIgniter.php(368): CodeIgniter\CodeIgniter->handleRequest(null, Object(Config\Cache), false)
 9 FCPATH\index.php(67): CodeIgniter\CodeIgniter->run()
CRITICAL - 2023-03-16 23:16:48 --> Undefined variable $cargos
in APPPATH\Views\cargos\cargos.php on line 24.
 1 APPPATH\Views\cargos\cargos.php(24): CodeIgniter\Debug\Exceptions->errorHandler(2, 'Undefined variable $cargos', 'APPPATH\\Views\\cargos\\cargos.php', 24)
 2 SYSTEMPATH\View\View.php(213): include('APPPATH\\Views\\cargos\\cargos.php')
 3 SYSTEMPATH\View\View.php(216): CodeIgniter\View\View->CodeIgniter\View\{closure}()
 4 SYSTEMPATH\Common.php(1184): CodeIgniter\View\View->render('/cargos/cargos', [], true)
 5 APPPATH\Controllers\Cargos.php(40): view('/cargos/cargos', [...])
 6 SYSTEMPATH\CodeIgniter.php(934): App\Controllers\Cargos->eliminados()
 7 SYSTEMPATH\CodeIgniter.php(499): CodeIgniter\CodeIgniter->runController(Object(App\Controllers\Cargos))
 8 SYSTEMPATH\CodeIgniter.php(368): CodeIgniter\CodeIgniter->handleRequest(null, Object(Config\Cache), false)
 9 FCPATH\index.php(67): CodeIgniter\CodeIgniter->run()
