CRITICAL - 2023-03-25 12:50:00 --> Invalid argument supplied for foreach()
in APPPATH\Views\empleados\empleados.php on line 67.
 1 APPPATH\Views\empleados\empleados.php(67): CodeIgniter\Debug\Exceptions->errorHandler(2, 'Invalid argument supplied for foreach()', 'APPPATH\\Views\\empleados\\empleados.php', 67, [...])
 2 SYSTEMPATH\View\View.php(213): include('APPPATH\\Views\\empleados\\empleados.php')
 3 SYSTEMPATH\View\View.php(216): CodeIgniter\View\View->CodeIgniter\View\{closure}()
 4 SYSTEMPATH\Common.php(1184): CodeIgniter\View\View->render('/empleados/empleados', [], true)
 5 APPPATH\Controllers\Empleados.php(19): view('/empleados/empleados', [...])
 6 SYSTEMPATH\CodeIgniter.php(934): App\Controllers\Empleados->index()
 7 SYSTEMPATH\CodeIgniter.php(499): CodeIgniter\CodeIgniter->runController(Object(App\Controllers\Empleados))
 8 SYSTEMPATH\CodeIgniter.php(368): CodeIgniter\CodeIgniter->handleRequest(null, Object(Config\Cache), false)
 9 FCPATH\index.php(67): CodeIgniter\CodeIgniter->run()
CRITICAL - 2023-03-25 13:12:06 --> syntax error, unexpected '='
in APPPATH\Controllers\Municipios.php on line 36.
 1 SYSTEMPATH\Autoloader\Autoloader.php(289): CodeIgniter\Autoloader\Autoloader->includeFile('APPPATH\\Controllers\\Municipios.php')
 2 SYSTEMPATH\Autoloader\Autoloader.php(267): CodeIgniter\Autoloader\Autoloader->loadInNamespace('App\\Controllers\\municipios')
 3 [internal function]: CodeIgniter\Autoloader\Autoloader->loadClass('App\\Controllers\\municipios')
 4 [internal function]: spl_autoload_call('App\\Controllers\\municipios')
 5 SYSTEMPATH\CodeIgniter.php(892): class_exists('\\App\\Controllers\\municipios', true)
 6 SYSTEMPATH\CodeIgniter.php(486): CodeIgniter\CodeIgniter->startController()
 7 SYSTEMPATH\CodeIgniter.php(368): CodeIgniter\CodeIgniter->handleRequest(null, Object(Config\Cache), false)
 8 FCPATH\index.php(67): CodeIgniter\CodeIgniter->run()
CRITICAL - 2023-03-25 14:03:38 --> syntax error, unexpected 'return' (T_RETURN)
in APPPATH\Models\MunicipiosModel.php on line 67.
 1 SYSTEMPATH\Autoloader\Autoloader.php(289): CodeIgniter\Autoloader\Autoloader->includeFile('APPPATH\\Models\\MunicipiosModel.php')
 2 SYSTEMPATH\Autoloader\Autoloader.php(267): CodeIgniter\Autoloader\Autoloader->loadInNamespace('App\\Models\\MunicipiosModel')
 3 [internal function]: CodeIgniter\Autoloader\Autoloader->loadClass('App\\Models\\MunicipiosModel')
 4 APPPATH\Controllers\Municipios.php(18): spl_autoload_call('App\\Models\\MunicipiosModel')
 5 SYSTEMPATH\CodeIgniter.php(906): App\Controllers\Municipios->__construct()
 6 SYSTEMPATH\CodeIgniter.php(490): CodeIgniter\CodeIgniter->createController()
 7 SYSTEMPATH\CodeIgniter.php(368): CodeIgniter\CodeIgniter->handleRequest(null, Object(Config\Cache), false)
 8 FCPATH\index.php(67): CodeIgniter\CodeIgniter->run()
CRITICAL - 2023-03-25 16:17:05 --> Invalid argument supplied for foreach()
in APPPATH\Views\empleados\empleados.php on line 66.
 1 APPPATH\Views\empleados\empleados.php(66): CodeIgniter\Debug\Exceptions->errorHandler(2, 'Invalid argument supplied for foreach()', 'APPPATH\\Views\\empleados\\empleados.php', 66, [...])
 2 SYSTEMPATH\View\View.php(213): include('APPPATH\\Views\\empleados\\empleados.php')
 3 SYSTEMPATH\View\View.php(216): CodeIgniter\View\View->CodeIgniter\View\{closure}()
 4 SYSTEMPATH\Common.php(1184): CodeIgniter\View\View->render('/empleados/empleados', [], true)
 5 APPPATH\Controllers\Empleados.php(19): view('/empleados/empleados', [...])
 6 SYSTEMPATH\CodeIgniter.php(934): App\Controllers\Empleados->index()
 7 SYSTEMPATH\CodeIgniter.php(499): CodeIgniter\CodeIgniter->runController(Object(App\Controllers\Empleados))
 8 SYSTEMPATH\CodeIgniter.php(368): CodeIgniter\CodeIgniter->handleRequest(null, Object(Config\Cache), false)
 9 FCPATH\index.php(67): CodeIgniter\CodeIgniter->run()
CRITICAL - 2023-03-25 16:18:49 --> Invalid argument supplied for foreach()
in APPPATH\Views\empleados\empleados.php on line 62.
 1 APPPATH\Views\empleados\empleados.php(62): CodeIgniter\Debug\Exceptions->errorHandler(2, 'Invalid argument supplied for foreach()', 'APPPATH\\Views\\empleados\\empleados.php', 62, [...])
 2 SYSTEMPATH\View\View.php(213): include('APPPATH\\Views\\empleados\\empleados.php')
 3 SYSTEMPATH\View\View.php(216): CodeIgniter\View\View->CodeIgniter\View\{closure}()
 4 SYSTEMPATH\Common.php(1184): CodeIgniter\View\View->render('/empleados/empleados', [], true)
 5 APPPATH\Controllers\Empleados.php(19): view('/empleados/empleados', [...])
 6 SYSTEMPATH\CodeIgniter.php(934): App\Controllers\Empleados->index()
 7 SYSTEMPATH\CodeIgniter.php(499): CodeIgniter\CodeIgniter->runController(Object(App\Controllers\Empleados))
 8 SYSTEMPATH\CodeIgniter.php(368): CodeIgniter\CodeIgniter->handleRequest(null, Object(Config\Cache), false)
 9 FCPATH\index.php(67): CodeIgniter\CodeIgniter->run()
CRITICAL - 2023-03-25 16:18:58 --> Invalid argument supplied for foreach()
in APPPATH\Views\empleados\empleados.php on line 62.
 1 APPPATH\Views\empleados\empleados.php(62): CodeIgniter\Debug\Exceptions->errorHandler(2, 'Invalid argument supplied for foreach()', 'APPPATH\\Views\\empleados\\empleados.php', 62, [...])
 2 SYSTEMPATH\View\View.php(213): include('APPPATH\\Views\\empleados\\empleados.php')
 3 SYSTEMPATH\View\View.php(216): CodeIgniter\View\View->CodeIgniter\View\{closure}()
 4 SYSTEMPATH\Common.php(1184): CodeIgniter\View\View->render('/empleados/empleados', [], true)
 5 APPPATH\Controllers\Empleados.php(19): view('/empleados/empleados', [...])
 6 SYSTEMPATH\CodeIgniter.php(934): App\Controllers\Empleados->index()
 7 SYSTEMPATH\CodeIgniter.php(499): CodeIgniter\CodeIgniter->runController(Object(App\Controllers\Empleados))
 8 SYSTEMPATH\CodeIgniter.php(368): CodeIgniter\CodeIgniter->handleRequest(null, Object(Config\Cache), false)
 9 FCPATH\index.php(67): CodeIgniter\CodeIgniter->run()
CRITICAL - 2023-03-25 16:21:36 --> Invalid argument supplied for foreach()
in APPPATH\Views\empleados\empleados.php on line 68.
 1 APPPATH\Views\empleados\empleados.php(68): CodeIgniter\Debug\Exceptions->errorHandler(2, 'Invalid argument supplied for foreach()', 'APPPATH\\Views\\empleados\\empleados.php', 68, [...])
 2 SYSTEMPATH\View\View.php(213): include('APPPATH\\Views\\empleados\\empleados.php')
 3 SYSTEMPATH\View\View.php(216): CodeIgniter\View\View->CodeIgniter\View\{closure}()
 4 SYSTEMPATH\Common.php(1184): CodeIgniter\View\View->render('/empleados/empleados', [], true)
 5 APPPATH\Controllers\Empleados.php(19): view('/empleados/empleados', [...])
 6 SYSTEMPATH\CodeIgniter.php(934): App\Controllers\Empleados->index()
 7 SYSTEMPATH\CodeIgniter.php(499): CodeIgniter\CodeIgniter->runController(Object(App\Controllers\Empleados))
 8 SYSTEMPATH\CodeIgniter.php(368): CodeIgniter\CodeIgniter->handleRequest(null, Object(Config\Cache), false)
 9 FCPATH\index.php(67): CodeIgniter\CodeIgniter->run()
CRITICAL - 2023-03-25 16:21:37 --> Invalid argument supplied for foreach()
in APPPATH\Views\empleados\empleados.php on line 68.
 1 APPPATH\Views\empleados\empleados.php(68): CodeIgniter\Debug\Exceptions->errorHandler(2, 'Invalid argument supplied for foreach()', 'APPPATH\\Views\\empleados\\empleados.php', 68, [...])
 2 SYSTEMPATH\View\View.php(213): include('APPPATH\\Views\\empleados\\empleados.php')
 3 SYSTEMPATH\View\View.php(216): CodeIgniter\View\View->CodeIgniter\View\{closure}()
 4 SYSTEMPATH\Common.php(1184): CodeIgniter\View\View->render('/empleados/empleados', [], true)
 5 APPPATH\Controllers\Empleados.php(19): view('/empleados/empleados', [...])
 6 SYSTEMPATH\CodeIgniter.php(934): App\Controllers\Empleados->index()
 7 SYSTEMPATH\CodeIgniter.php(499): CodeIgniter\CodeIgniter->runController(Object(App\Controllers\Empleados))
 8 SYSTEMPATH\CodeIgniter.php(368): CodeIgniter\CodeIgniter->handleRequest(null, Object(Config\Cache), false)
 9 FCPATH\index.php(67): CodeIgniter\CodeIgniter->run()
CRITICAL - 2023-03-25 16:21:37 --> Invalid argument supplied for foreach()
in APPPATH\Views\empleados\empleados.php on line 68.
 1 APPPATH\Views\empleados\empleados.php(68): CodeIgniter\Debug\Exceptions->errorHandler(2, 'Invalid argument supplied for foreach()', 'APPPATH\\Views\\empleados\\empleados.php', 68, [...])
 2 SYSTEMPATH\View\View.php(213): include('APPPATH\\Views\\empleados\\empleados.php')
 3 SYSTEMPATH\View\View.php(216): CodeIgniter\View\View->CodeIgniter\View\{closure}()
 4 SYSTEMPATH\Common.php(1184): CodeIgniter\View\View->render('/empleados/empleados', [], true)
 5 APPPATH\Controllers\Empleados.php(19): view('/empleados/empleados', [...])
 6 SYSTEMPATH\CodeIgniter.php(934): App\Controllers\Empleados->index()
 7 SYSTEMPATH\CodeIgniter.php(499): CodeIgniter\CodeIgniter->runController(Object(App\Controllers\Empleados))
 8 SYSTEMPATH\CodeIgniter.php(368): CodeIgniter\CodeIgniter->handleRequest(null, Object(Config\Cache), false)
 9 FCPATH\index.php(67): CodeIgniter\CodeIgniter->run()
CRITICAL - 2023-03-25 16:34:41 --> Invalid argument supplied for foreach()
in APPPATH\Views\empleados\empleados.php on line 69.
 1 APPPATH\Views\empleados\empleados.php(69): CodeIgniter\Debug\Exceptions->errorHandler(2, 'Invalid argument supplied for foreach()', 'APPPATH\\Views\\empleados\\empleados.php', 69, [...])
 2 SYSTEMPATH\View\View.php(213): include('APPPATH\\Views\\empleados\\empleados.php')
 3 SYSTEMPATH\View\View.php(216): CodeIgniter\View\View->CodeIgniter\View\{closure}()
 4 SYSTEMPATH\Common.php(1184): CodeIgniter\View\View->render('/empleados/empleados', [], true)
 5 APPPATH\Controllers\Empleados.php(19): view('/empleados/empleados', [...])
 6 SYSTEMPATH\CodeIgniter.php(934): App\Controllers\Empleados->index()
 7 SYSTEMPATH\CodeIgniter.php(499): CodeIgniter\CodeIgniter->runController(Object(App\Controllers\Empleados))
 8 SYSTEMPATH\CodeIgniter.php(368): CodeIgniter\CodeIgniter->handleRequest(null, Object(Config\Cache), false)
 9 FCPATH\index.php(67): CodeIgniter\CodeIgniter->run()
